<?xml version="1.0" encoding="UTF-8"?>
<testng-results skipped="0" failed="0" ignored="0" total="1" passed="1">
  <reporter-output>
  </reporter-output>
  <suite name="Suite" duration-ms="18634" started-at="2018-01-18T03:25:30Z" finished-at="2018-01-18T03:25:49Z">
    <groups>
    </groups>
    <test name="Test" duration-ms="18634" started-at="2018-01-18T03:25:30Z" finished-at="2018-01-18T03:25:49Z">
      <class name="com.test.NewTest">
        <test-method status="PASS" signature="beforeTest()[pri:0, instance:com.test.NewTest@da1055]" name="beforeTest" is-config="true" duration-ms="14492" started-at="2018-01-18T08:55:30Z" finished-at="2018-01-18T08:55:45Z">
          <reporter-output>
          </reporter-output>
        </test-method> <!-- beforeTest -->
        <test-method status="PASS" signature="f()[pri:0, instance:com.test.NewTest@da1055]" name="f" duration-ms="3922" started-at="2018-01-18T08:55:45Z" finished-at="2018-01-18T08:55:49Z">
          <reporter-output>
          </reporter-output>
        </test-method> <!-- f -->
        <test-method status="PASS" signature="afterTest()[pri:0, instance:com.test.NewTest@da1055]" name="afterTest" is-config="true" duration-ms="136" started-at="2018-01-18T08:55:49Z" finished-at="2018-01-18T08:55:49Z">
          <reporter-output>
          </reporter-output>
        </test-method> <!-- afterTest -->
      </class> <!-- com.test.NewTest -->
    </test> <!-- Test -->
  </suite> <!-- Suite -->
</testng-results>
