<?xml version="1.0" encoding="UTF-8"?>
<testng-results skipped="0" failed="0" ignored="0" total="1" passed="1">
  <reporter-output>
  </reporter-output>
  <suite name="Suite" duration-ms="15662" started-at="2018-01-18T03:11:11Z" finished-at="2018-01-18T03:11:26Z">
    <groups>
    </groups>
    <test name="Test" duration-ms="15662" started-at="2018-01-18T03:11:11Z" finished-at="2018-01-18T03:11:26Z">
      <class name="com.test.NewTest">
        <test-method status="PASS" signature="beforeTest()[pri:0, instance:com.test.NewTest@17fd0e6]" name="beforeTest" is-config="true" duration-ms="10680" started-at="2018-01-18T08:41:11Z" finished-at="2018-01-18T08:41:21Z">
          <reporter-output>
          </reporter-output>
        </test-method> <!-- beforeTest -->
        <test-method status="PASS" signature="f()[pri:0, instance:com.test.NewTest@17fd0e6]" name="f" duration-ms="4701" started-at="2018-01-18T08:41:21Z" finished-at="2018-01-18T08:41:26Z">
          <reporter-output>
          </reporter-output>
        </test-method> <!-- f -->
        <test-method status="PASS" signature="afterTest()[pri:0, instance:com.test.NewTest@17fd0e6]" name="afterTest" is-config="true" duration-ms="148" started-at="2018-01-18T08:41:26Z" finished-at="2018-01-18T08:41:26Z">
          <reporter-output>
          </reporter-output>
        </test-method> <!-- afterTest -->
      </class> <!-- com.test.NewTest -->
    </test> <!-- Test -->
  </suite> <!-- Suite -->
</testng-results>
